<?xml version="1.0" encoding="UTF-8"?>
<!-- Generated by org.testng.reporters.JUnitReportReporter -->
<testsuite hostname="BDC7-L-5LDXD63" failures="0" tests="6" name="testCases.TC_0003LoginDDT" time="48.812" errors="0" timestamp="2025-06-28T16:26:17 IST" skipped="0">
  <testcase classname="testCases.TC_0003LoginDDT" name="Login_validation" time="2.688"/>
  <testcase classname="testCases.TC_0003LoginDDT" name="Login_validation" time="14.219"/>
  <testcase classname="testCases.TC_0003LoginDDT" name="Login_validation" time="4.234"/>
  <testcase classname="testCases.TC_0003LoginDDT" name="Login_validation" time="11.968"/>
  <testcase classname="testCases.TC_0003LoginDDT" name="Login_validation" time="3.489"/>
  <testcase classname="testCases.TC_0003LoginDDT" name="Login_validation" time="12.214"/>
</testsuite> <!-- testCases.TC_0003LoginDDT -->
