<?xml version="1.0" encoding="UTF-8"?>
<!-- Generated by org.testng.reporters.JUnitReportReporter -->
<testsuite hostname="LAPTOP-C12P7LSH" failures="0" tests="2" name="testCases.TC_008_UpdateAddress" time="10.692" errors="0" timestamp="2025-08-31T22:26:53 IST" skipped="0">
  <testcase classname="testCases.TC_008_UpdateAddress" name="UpdateAddress" time="5.310"/>
  <testcase classname="testCases.TC_008_UpdateAddress" name="UpdateAddress" time="5.382"/>
</testsuite> <!-- testCases.TC_008_UpdateAddress -->
