<?xml version="1.0" encoding="UTF-8"?>
<!-- Generated by org.testng.reporters.JUnitReportReporter -->
<testsuite hostname="LAPTOP-C12P7LSH" failures="0" tests="4" name="testCases.TC_007_UpdateAddress" time="20.472" errors="0" timestamp="2025-08-31T11:08:43 IST" skipped="0">
  <testcase classname="testCases.TC_007_UpdateAddress" name="UpdateAddress" time="4.806"/>
  <testcase classname="testCases.TC_007_UpdateAddress" name="UpdateAddress" time="5.215"/>
  <testcase classname="testCases.TC_007_UpdateAddress" name="UpdateAddress" time="5.741"/>
  <testcase classname="testCases.TC_007_UpdateAddress" name="UpdateAddress" time="4.710"/>
</testsuite> <!-- testCases.TC_007_UpdateAddress -->
