<?xml version="1.0" encoding="UTF-8"?>
<!-- Generated by org.testng.reporters.JUnitReportReporter -->
<testsuite hostname="LAPTOP-C12P7LSH" failures="0" tests="1" name="testCases.TC_006_ValidateProductInWishlsit" time="7.915" errors="0" timestamp="2025-08-08T15:09:34 IST" skipped="0">
  <testcase classname="testCases.TC_006_ValidateProductInWishlsit" name="wishListValidation" time="7.915"/>
</testsuite> <!-- testCases.TC_006_ValidateProductInWishlsit -->
