<?xml version="1.0" encoding="UTF-8"?>
<!-- Generated by org.testng.reporters.JUnitReportReporter -->
<testsuite hostname="LAPTOP-C12P7LSH" failures="0" tests="2" name="testCases.TC_007_UpdateAddress" time="10.062" errors="0" timestamp="2025-08-31T19:18:19 IST" skipped="0">
  <testcase classname="testCases.TC_007_UpdateAddress" name="UpdateAddress" time="5.573"/>
  <testcase classname="testCases.TC_007_UpdateAddress" name="UpdateAddress" time="4.489"/>
</testsuite> <!-- testCases.TC_007_UpdateAddress -->
